<?xml version="1.0" encoding="UTF-8"?>
<!-- Generated by org.testng.reporters.JUnitReportReporter -->
<testsuite hostname="DESKTOP-GCLTSS8" failures="0" tests="1" name="com.hrms.TestScripts.TC001" time="96.780" errors="0" timestamp="3 Feb 2021 05:28:08 GMT">
  <testcase classname="com.hrms.TestScripts.TC001" name="demo" time="96.780"/>
</testsuite> <!-- com.hrms.TestScripts.TC001 -->
