<?xml version="1.0" encoding="UTF-8"?>
<!-- Generated by org.testng.reporters.JUnitReportReporter -->
<testsuite hostname="DESKTOP-GCLTSS8" failures="0" tests="1" name="com.hrms.TestScripts.Tc002" time="26.545" errors="0" timestamp="3 Feb 2021 05:28:08 GMT">
  <testcase classname="com.hrms.TestScripts.Tc002" name="method" time="26.545"/>
</testsuite> <!-- com.hrms.TestScripts.Tc002 -->
